Using pre-set license
Built from '2020.3/staging' branch; Version is '2020.3.10f1 (297d780c91bc) revision 2719096'; Using compiler version '192528614'; Build Type 'Release'
OS: 'Windows 10 Home; OS build 19043.1706; Version 2009; 64bit' Language: 'en' Physical Memory: 7116 MB
BatchMode: 1, IsHumanControllingUs: 0, StartBugReporterOnCrash: 0, Is64bit: 1, IsPro: 0

 COMMAND LINE ARGUMENTS:
C:\Program Files\Unity\Hub\Editor\2020.3.10f1\Editor\Unity.exe
-adb2
-batchMode
-noUpm
-name
AssetImportWorker0
-projectPath
C:/Users/Jerem/Desktop/trainingForJam/Jeremy/jamming
-logFile
Logs/AssetImportWorker0.log
-srvPort
57765
Successfully changed project path to: C:/Users/Jerem/Desktop/trainingForJam/Jeremy/jamming
C:/Users/Jerem/Desktop/trainingForJam/Jeremy/jamming
Using Asset Import Pipeline V2.
Refreshing native plugins compatible for Editor in 50.92 ms, found 2 plugins.
Preloading 0 native plugins for Editor in 0.00 ms.
Initialize engine version: 2020.3.10f1 (297d780c91bc)
[Subsystems] Discovering subsystems at path C:/Program Files/Unity/Hub/Editor/2020.3.10f1/Editor/Data/Resources/UnitySubsystems
[Subsystems] Discovering subsystems at path C:/Users/Jerem/Desktop/trainingForJam/Jeremy/jamming/Assets
GfxDevice: creating device client; threaded=0
Direct3D:
    Version:  Direct3D 11.0 [level 11.1]
    Renderer: NVIDIA GeForce GTX 1050 (ID=0x1c8d)
    Vendor:   
    VRAM:     1979 MB
    Driver:   27.21.14.6231
Initialize mono
Mono path[0] = 'C:/Program Files/Unity/Hub/Editor/2020.3.10f1/Editor/Data/Managed'
Mono path[1] = 'C:/Program Files/Unity/Hub/Editor/2020.3.10f1/Editor/Data/MonoBleedingEdge/lib/mono/unityjit'
Mono config path = 'C:/Program Files/Unity/Hub/Editor/2020.3.10f1/Editor/Data/MonoBleedingEdge/etc'
Using monoOptions --debugger-agent=transport=dt_socket,embedding=1,server=y,suspend=n,address=127.0.0.1:56736
Begin MonoManager ReloadAssembly
Registering precompiled unity dll's ...
Register platform support module: C:/Program Files/Unity/Hub/Editor/2020.3.10f1/Editor/Data/PlaybackEngines/WindowsStandaloneSupport/UnityEditor.WindowsStandalone.Extensions.dll
Registered in 0.008344 seconds.
Native extension for WindowsStandalone target not found
Refreshing native plugins compatible for Editor in 34.01 ms, found 2 plugins.
Preloading 0 native plugins for Editor in 0.00 ms.
Mono: successfully reloaded assembly
- Completed reload, in  7.209 seconds
Platform modules already initialized, skipping
Registering precompiled user dll's ...
Registered in 0.012992 seconds.
Begin MonoManager ReloadAssembly
Native extension for WindowsStandalone target not found
Refreshing native plugins compatible for Editor in 0.45 ms, found 2 plugins.
Preloading 0 native plugins for Editor in 0.00 ms.
Mono: successfully reloaded assembly
- Completed reload, in  1.730 seconds
Platform modules already initialized, skipping
========================================================================
Worker process is ready to serve import requests
Launched and connected shader compiler UnityShaderCompiler.exe after 0.09 seconds
Refreshing native plugins compatible for Editor in 0.39 ms, found 2 plugins.
Preloading 0 native plugins for Editor in 0.00 ms.
Unloading 1386 Unused Serialized files (Serialized files now loaded: 0)
System memory in use before: 64.6 MB.
System memory in use after: 64.7 MB.

Unloading 19 unused Assets to reduce memory usage. Loaded Objects now: 1819.
Total: 3.229000 ms (FindLiveObjects: 0.231500 ms CreateObjectMapping: 0.057900 ms MarkObjects: 2.786800 ms  DeleteObjects: 0.150600 ms)

========================================================================
Received Import Request.
  path: Assets/Scripts
  artifactKey: Guid(b9263b5e45549c64e9723c81d0477b5c) Importer(815301076,1909f56bfc062723c751e8b465ee728b)
Start importing Assets/Scripts using Guid(b9263b5e45549c64e9723c81d0477b5c) Importer(815301076,1909f56bfc062723c751e8b465ee728b)  -> (artifact id: 'a447545bdbd462b737e217999ffeb8fa') in 0.015387 seconds
  Import took 0.019912 seconds .

========================================================================
Received Import Request.
  Time since last request: 84.279564 seconds.
  path: Assets/Scripts/AutoRotate.cs
  artifactKey: Guid(0a1c0c8bb3396f24d98b9abe6ae17d4c) Importer(815301076,1909f56bfc062723c751e8b465ee728b)
Start importing Assets/Scripts/AutoRotate.cs using Guid(0a1c0c8bb3396f24d98b9abe6ae17d4c) Importer(815301076,1909f56bfc062723c751e8b465ee728b)  -> (artifact id: '07d0d34810b16e07dd01ec01dadcf8b1') in 0.091610 seconds
  Import took 0.095862 seconds .

========================================================================
Received Prepare
Registering precompiled user dll's ...
Registered in 0.012210 seconds.
Begin MonoManager ReloadAssembly
Native extension for WindowsStandalone target not found
Refreshing native plugins compatible for Editor in 0.54 ms, found 2 plugins.
Preloading 0 native plugins for Editor in 0.00 ms.
Mono: successfully reloaded assembly
- Completed reload, in  1.630 seconds
Platform modules already initialized, skipping
Refreshing native plugins compatible for Editor in 0.41 ms, found 2 plugins.
Preloading 0 native plugins for Editor in 0.00 ms.
Unloading 1382 Unused Serialized files (Serialized files now loaded: 0)
System memory in use before: 64.6 MB.
System memory in use after: 64.7 MB.

Unloading 14 unused Assets to reduce memory usage. Loaded Objects now: 1823.
Total: 3.113600 ms (FindLiveObjects: 0.239900 ms CreateObjectMapping: 0.065800 ms MarkObjects: 2.706800 ms  DeleteObjects: 0.099100 ms)

========================================================================
Received Prepare
Registering precompiled user dll's ...
Registered in 0.014054 seconds.
Begin MonoManager ReloadAssembly
Native extension for WindowsStandalone target not found
Refreshing native plugins compatible for Editor in 0.45 ms, found 2 plugins.
Preloading 0 native plugins for Editor in 0.00 ms.
Mono: successfully reloaded assembly
- Completed reload, in  1.516 seconds
Platform modules already initialized, skipping
Refreshing native plugins compatible for Editor in 0.39 ms, found 2 plugins.
Preloading 0 native plugins for Editor in 0.00 ms.
Unloading 1382 Unused Serialized files (Serialized files now loaded: 0)
System memory in use before: 64.6 MB.
System memory in use after: 64.7 MB.

Unloading 14 unused Assets to reduce memory usage. Loaded Objects now: 1826.
Total: 2.536100 ms (FindLiveObjects: 0.227500 ms CreateObjectMapping: 0.052900 ms MarkObjects: 2.163300 ms  DeleteObjects: 0.090800 ms)

========================================================================
Received Import Request.
  Time since last request: 108.989925 seconds.
  path: Assets/Scripts/AutoRotate.cs
  artifactKey: Guid(0a1c0c8bb3396f24d98b9abe6ae17d4c) Importer(815301076,1909f56bfc062723c751e8b465ee728b)
Start importing Assets/Scripts/AutoRotate.cs using Guid(0a1c0c8bb3396f24d98b9abe6ae17d4c) Importer(815301076,1909f56bfc062723c751e8b465ee728b)  -> (artifact id: '2d63bea0a64e80e2a1c9c5d9685d96f3') in 0.015107 seconds
  Import took 0.019508 seconds .

========================================================================
Received Prepare
Registering precompiled user dll's ...
Registered in 0.010919 seconds.
Begin MonoManager ReloadAssembly
Native extension for WindowsStandalone target not found
Refreshing native plugins compatible for Editor in 0.54 ms, found 2 plugins.
Preloading 0 native plugins for Editor in 0.00 ms.
Mono: successfully reloaded assembly
- Completed reload, in  1.637 seconds
Platform modules already initialized, skipping
Refreshing native plugins compatible for Editor in 0.59 ms, found 2 plugins.
Preloading 0 native plugins for Editor in 0.00 ms.
Unloading 1382 Unused Serialized files (Serialized files now loaded: 0)
System memory in use before: 64.6 MB.
System memory in use after: 64.7 MB.

Unloading 14 unused Assets to reduce memory usage. Loaded Objects now: 1829.
Total: 3.344100 ms (FindLiveObjects: 0.326000 ms CreateObjectMapping: 0.088200 ms MarkObjects: 2.840900 ms  DeleteObjects: 0.086800 ms)

========================================================================
Received Import Request.
  Time since last request: 32.639694 seconds.
  path: Assets/Scripts/AutoRotate.cs
  artifactKey: Guid(0a1c0c8bb3396f24d98b9abe6ae17d4c) Importer(815301076,1909f56bfc062723c751e8b465ee728b)
Start importing Assets/Scripts/AutoRotate.cs using Guid(0a1c0c8bb3396f24d98b9abe6ae17d4c) Importer(815301076,1909f56bfc062723c751e8b465ee728b)  -> (artifact id: 'fadb5b735e80e049c02e550325d04134') in 0.010422 seconds
  Import took 0.015493 seconds .

========================================================================
Received Prepare
Registering precompiled user dll's ...
Registered in 0.010540 seconds.
Begin MonoManager ReloadAssembly
Native extension for WindowsStandalone target not found
Refreshing native plugins compatible for Editor in 0.59 ms, found 2 plugins.
Preloading 0 native plugins for Editor in 0.00 ms.
Mono: successfully reloaded assembly
- Completed reload, in  2.244 seconds
Platform modules already initialized, skipping
Refreshing native plugins compatible for Editor in 0.60 ms, found 2 plugins.
Preloading 0 native plugins for Editor in 0.00 ms.
Unloading 1382 Unused Serialized files (Serialized files now loaded: 0)
System memory in use before: 64.6 MB.
System memory in use after: 64.7 MB.

Unloading 14 unused Assets to reduce memory usage. Loaded Objects now: 1832.
Total: 5.231600 ms (FindLiveObjects: 0.374100 ms CreateObjectMapping: 0.131200 ms MarkObjects: 4.601300 ms  DeleteObjects: 0.121800 ms)

========================================================================
Received Import Request.
  Time since last request: 78.196161 seconds.
  path: Assets/Scripts/CameraControl.cs
  artifactKey: Guid(936bf59148ca7364cba1de8cb9712311) Importer(815301076,1909f56bfc062723c751e8b465ee728b)
Start importing Assets/Scripts/CameraControl.cs using Guid(936bf59148ca7364cba1de8cb9712311) Importer(815301076,1909f56bfc062723c751e8b465ee728b)  -> (artifact id: '1e0c28ebafccfaeb0ee104ec9778056a') in 0.024165 seconds
  Import took 0.029239 seconds .

========================================================================
Received Prepare
Registering precompiled user dll's ...
Registered in 0.010237 seconds.
Begin MonoManager ReloadAssembly
Native extension for WindowsStandalone target not found
Refreshing native plugins compatible for Editor in 0.41 ms, found 2 plugins.
Preloading 0 native plugins for Editor in 0.00 ms.
Mono: successfully reloaded assembly
- Completed reload, in  1.662 seconds
Platform modules already initialized, skipping
Refreshing native plugins compatible for Editor in 0.44 ms, found 2 plugins.
Preloading 0 native plugins for Editor in 0.00 ms.
Unloading 1383 Unused Serialized files (Serialized files now loaded: 0)
System memory in use before: 64.7 MB.
System memory in use after: 64.7 MB.

Unloading 14 unused Assets to reduce memory usage. Loaded Objects now: 1836.
Total: 3.022100 ms (FindLiveObjects: 0.258500 ms CreateObjectMapping: 0.055900 ms MarkObjects: 2.613900 ms  DeleteObjects: 0.091700 ms)

========================================================================
Received Prepare
Registering precompiled user dll's ...
Registered in 0.009556 seconds.
Begin MonoManager ReloadAssembly
Native extension for WindowsStandalone target not found
Refreshing native plugins compatible for Editor in 0.39 ms, found 2 plugins.
Preloading 0 native plugins for Editor in 0.00 ms.
Mono: successfully reloaded assembly
- Completed reload, in  1.596 seconds
Platform modules already initialized, skipping
Refreshing native plugins compatible for Editor in 0.56 ms, found 2 plugins.
Preloading 0 native plugins for Editor in 0.00 ms.
Unloading 1383 Unused Serialized files (Serialized files now loaded: 0)
System memory in use before: 64.7 MB.
System memory in use after: 64.8 MB.

Unloading 14 unused Assets to reduce memory usage. Loaded Objects now: 1839.
Total: 3.346300 ms (FindLiveObjects: 0.283000 ms CreateObjectMapping: 0.086300 ms MarkObjects: 2.878200 ms  DeleteObjects: 0.096500 ms)

========================================================================
Received Import Request.
  Time since last request: 125.283777 seconds.
  path: Assets/Scripts/CameraControl.cs
  artifactKey: Guid(936bf59148ca7364cba1de8cb9712311) Importer(815301076,1909f56bfc062723c751e8b465ee728b)
Start importing Assets/Scripts/CameraControl.cs using Guid(936bf59148ca7364cba1de8cb9712311) Importer(815301076,1909f56bfc062723c751e8b465ee728b)  -> (artifact id: '39ef243eb041794a6ee9ffffec88ba77') in 0.013622 seconds
  Import took 0.017514 seconds .

========================================================================
Received Prepare
Registering precompiled user dll's ...
Registered in 0.016527 seconds.
Begin MonoManager ReloadAssembly
Native extension for WindowsStandalone target not found
Refreshing native plugins compatible for Editor in 0.45 ms, found 2 plugins.
Preloading 0 native plugins for Editor in 0.00 ms.
Mono: successfully reloaded assembly
- Completed reload, in  2.127 seconds
Platform modules already initialized, skipping
Refreshing native plugins compatible for Editor in 0.74 ms, found 2 plugins.
Preloading 0 native plugins for Editor in 0.00 ms.
Unloading 1383 Unused Serialized files (Serialized files now loaded: 0)
System memory in use before: 64.7 MB.
System memory in use after: 64.8 MB.

Unloading 14 unused Assets to reduce memory usage. Loaded Objects now: 1842.
Total: 5.595100 ms (FindLiveObjects: 0.408400 ms CreateObjectMapping: 0.162500 ms MarkObjects: 4.887000 ms  DeleteObjects: 0.134300 ms)

========================================================================
Received Prepare
Registering precompiled user dll's ...
Registered in 0.012693 seconds.
Begin MonoManager ReloadAssembly
Native extension for WindowsStandalone target not found
Refreshing native plugins compatible for Editor in 0.58 ms, found 2 plugins.
Preloading 0 native plugins for Editor in 0.00 ms.
Mono: successfully reloaded assembly
- Completed reload, in  1.840 seconds
Platform modules already initialized, skipping
Refreshing native plugins compatible for Editor in 0.50 ms, found 2 plugins.
Preloading 0 native plugins for Editor in 0.00 ms.
Unloading 1383 Unused Serialized files (Serialized files now loaded: 0)
System memory in use before: 64.7 MB.
System memory in use after: 64.8 MB.

Unloading 14 unused Assets to reduce memory usage. Loaded Objects now: 1845.
Total: 4.262600 ms (FindLiveObjects: 0.672700 ms CreateObjectMapping: 0.166700 ms MarkObjects: 3.322500 ms  DeleteObjects: 0.098000 ms)

========================================================================
Received Prepare
Registering precompiled user dll's ...
Registered in 0.008994 seconds.
Begin MonoManager ReloadAssembly
Native extension for WindowsStandalone target not found
Refreshing native plugins compatible for Editor in 0.40 ms, found 2 plugins.
Preloading 0 native plugins for Editor in 0.00 ms.
Mono: successfully reloaded assembly
- Completed reload, in  1.697 seconds
Platform modules already initialized, skipping
Refreshing native plugins compatible for Editor in 0.45 ms, found 2 plugins.
Preloading 0 native plugins for Editor in 0.00 ms.
Unloading 1383 Unused Serialized files (Serialized files now loaded: 0)
System memory in use before: 64.7 MB.
System memory in use after: 64.8 MB.

Unloading 14 unused Assets to reduce memory usage. Loaded Objects now: 1848.
Total: 3.677800 ms (FindLiveObjects: 0.283200 ms CreateObjectMapping: 0.088200 ms MarkObjects: 3.205500 ms  DeleteObjects: 0.098600 ms)

========================================================================
Received Prepare
Registering precompiled user dll's ...
Registered in 0.008412 seconds.
Begin MonoManager ReloadAssembly
Native extension for WindowsStandalone target not found
Refreshing native plugins compatible for Editor in 0.45 ms, found 2 plugins.
Preloading 0 native plugins for Editor in 0.00 ms.
Mono: successfully reloaded assembly
- Completed reload, in  1.899 seconds
Platform modules already initialized, skipping
Refreshing native plugins compatible for Editor in 0.76 ms, found 2 plugins.
Preloading 0 native plugins for Editor in 0.00 ms.
Unloading 1383 Unused Serialized files (Serialized files now loaded: 0)
System memory in use before: 64.7 MB.
System memory in use after: 64.8 MB.

Unloading 14 unused Assets to reduce memory usage. Loaded Objects now: 1851.
Total: 4.122600 ms (FindLiveObjects: 0.235200 ms CreateObjectMapping: 0.195600 ms MarkObjects: 3.568200 ms  DeleteObjects: 0.121200 ms)

========================================================================
Received Prepare
Registering precompiled user dll's ...
Registered in 0.015381 seconds.
Begin MonoManager ReloadAssembly
Native extension for WindowsStandalone target not found
Refreshing native plugins compatible for Editor in 0.64 ms, found 2 plugins.
Preloading 0 native plugins for Editor in 0.00 ms.
Mono: successfully reloaded assembly
- Completed reload, in  1.842 seconds
Platform modules already initialized, skipping
Refreshing native plugins compatible for Editor in 0.60 ms, found 2 plugins.
Preloading 0 native plugins for Editor in 0.00 ms.
Unloading 1383 Unused Serialized files (Serialized files now loaded: 0)
System memory in use before: 64.7 MB.
System memory in use after: 64.8 MB.

Unloading 14 unused Assets to reduce memory usage. Loaded Objects now: 1854.
Total: 3.615400 ms (FindLiveObjects: 0.257100 ms CreateObjectMapping: 0.048400 ms MarkObjects: 3.208300 ms  DeleteObjects: 0.099100 ms)

========================================================================
Received Prepare
Registering precompiled user dll's ...
Registered in 0.008853 seconds.
Begin MonoManager ReloadAssembly
Native extension for WindowsStandalone target not found
Refreshing native plugins compatible for Editor in 0.63 ms, found 2 plugins.
Preloading 0 native plugins for Editor in 0.00 ms.
Mono: successfully reloaded assembly
- Completed reload, in  1.872 seconds
Platform modules already initialized, skipping
Refreshing native plugins compatible for Editor in 0.64 ms, found 2 plugins.
Preloading 0 native plugins for Editor in 0.00 ms.
Unloading 1383 Unused Serialized files (Serialized files now loaded: 0)
System memory in use before: 64.7 MB.
System memory in use after: 64.8 MB.

Unloading 14 unused Assets to reduce memory usage. Loaded Objects now: 1857.
Total: 4.126600 ms (FindLiveObjects: 0.308200 ms CreateObjectMapping: 0.077000 ms MarkObjects: 3.637500 ms  DeleteObjects: 0.101700 ms)

